<?xml version="1.0" encoding="UTF-8"?>
<!-- Generated by org.testng.reporters.JUnitReportReporter -->
<testsuite hostname="DESKTOP-UU0A01F" failures="0" tests="1" name="com.comcast.hms.doctorModule.AddDoctorAndVerifyInManageDoctorPageTest" time="15.047" errors="0" timestamp="04 Jul 2024 12:57:29 GMT" skipped="0">
  <testcase classname="com.comcast.hms.doctorModule.AddDoctorAndVerifyInManageDoctorPageTest" name="CreateDoctorAndVerify" time="15.047"/>
</testsuite> <!-- com.comcast.hms.doctorModule.AddDoctorAndVerifyInManageDoctorPageTest -->
