<?xml version="1.0" encoding="UTF-8"?>
<!-- Generated by org.testng.reporters.JUnitReportReporter -->
<testsuite hostname="DESKTOP-UU0A01F" failures="0" tests="1" name="com.comcast.hms.doctorModule.BookAndCancelAppointmentAndViewInAppointmentHistory" time="13.233" errors="0" timestamp="06 Jul 2024 13:56:12 GMT" skipped="0">
  <testcase classname="com.comcast.hms.doctorModule.BookAndCancelAppointmentAndViewInAppointmentHistory" name="BookingAndCancelAppointment" time="13.233"/>
</testsuite> <!-- com.comcast.hms.doctorModule.BookAndCancelAppointmentAndViewInAppointmentHistory -->
