<?xml version="1.0" encoding="UTF-8"?>
<!-- Generated by org.testng.reporters.JUnitReportReporter -->
<testsuite hostname="LAPTOP-ERPPF1UC" failures="0" tests="1" name="com.comcast.crm.contacttest.SampleTest" time="8.067" errors="0" timestamp="01 Jul 2024 11:09:08 GMT" skipped="0">
  <testcase classname="com.comcast.crm.contacttest.SampleTest" name="createConTactTest" time="8.067"/>
</testsuite> <!-- com.comcast.crm.contacttest.SampleTest -->
