<?xml version="1.0" encoding="UTF-8"?>
<!-- Generated by org.testng.reporters.JUnitReportReporter -->
<testsuite hostname="DESKTOP-UU0A01F" failures="0" tests="1" name="com.comcast.hms.doctorModule.DoctorAddingMedicalHistoryTest" time="17.574" errors="0" timestamp="04 Jul 2024 12:36:57 GMT" skipped="0">
  <testcase classname="com.comcast.hms.doctorModule.DoctorAddingMedicalHistoryTest" name="addMedicalHistory" time="17.574"/>
</testsuite> <!-- com.comcast.hms.doctorModule.DoctorAddingMedicalHistoryTest -->
