<?xml version="1.0" encoding="UTF-8"?>
<!-- Generated by org.testng.reporters.JUnitReportReporter -->
<testsuite hostname="DESKTOP-UU0A01F" failures="0" tests="1" name="com.comcast.hms.doctorModule.AddPatientWithEnteringAllDetailsAndVerifyInManagePatients" time="12.266" errors="0" timestamp="04 Jul 2024 12:58:14 GMT" skipped="0">
  <testcase classname="com.comcast.hms.doctorModule.AddPatientWithEnteringAllDetailsAndVerifyInManagePatients" name="addPatientWithName_Contact" time="12.266"/>
</testsuite> <!-- com.comcast.hms.doctorModule.AddPatientWithEnteringAllDetailsAndVerifyInManagePatients -->
