<?xml version="1.0" encoding="UTF-8"?>
<!-- Generated by org.testng.reporters.JUnitReportReporter -->
<testsuite hostname="DESKTOP-UU0A01F" failures="0" tests="1" name="com.comcast.hms.doctorModule.DoctorAddPatientAndSearchWithName" time="13.585" errors="0" timestamp="04 Jul 2024 13:06:40 GMT" skipped="0">
  <testcase classname="com.comcast.hms.doctorModule.DoctorAddPatientAndSearchWithName" name="addingPatientAndSearch" time="13.585"/>
</testsuite> <!-- com.comcast.hms.doctorModule.DoctorAddPatientAndSearchWithName -->
