<?xml version="1.0" encoding="UTF-8"?>
<!-- Generated by org.testng.reporters.JUnitReportReporter -->
<testsuite hostname="DESKTOP-UU0A01F" failures="0" tests="1" name="com.comcast.hms.doctorModule.AddPatientWithEnteringAllDetailsAndVerifyInManagePatients" time="7.179" errors="0" timestamp="06 Jul 2024 13:56:12 GMT" skipped="0">
  <testcase classname="com.comcast.hms.doctorModule.AddPatientWithEnteringAllDetailsAndVerifyInManagePatients" name="addPatientWithName_Contact" time="7.179"/>
</testsuite> <!-- com.comcast.hms.doctorModule.AddPatientWithEnteringAllDetailsAndVerifyInManagePatients -->
