<?xml version="1.0" encoding="UTF-8"?>
<!-- Generated by org.testng.reporters.JUnitReportReporter -->
<testsuite hostname="LAPTOP-ERPPF1UC" failures="0" tests="1" name="com.comcast.crm.admin_test.Patient" time="2.175" errors="0" timestamp="02 Jul 2024 05:58:17 GMT" skipped="0">
  <testcase classname="com.comcast.crm.admin_test.Patient" name="AddPatient" time="2.175"/>
</testsuite> <!-- com.comcast.crm.admin_test.Patient -->
